21:12:44.941 [main                     ] DEBUG Logger               - Configured Logger
21:12:44.966 [main                     ] DEBUG GameApplication      - Logging settings
Title: GalGame
Version: 0.1
Width: 800
Height: 600
Fullscreen: false
Intro: false
Profiling: false
Single step:false
App Mode: DEVELOPER
Menu Key: ESCAPE
Stage Style: DECORATED
Scene Factory: class com.almasb.fxgl.app.scene.SceneFactory

21:12:45.254 [JavaFX Application Thread] DEBUG FXGLApplication      - Initializing FXGL
21:12:45.259 [JavaFX Application Thread] INFO  Engine               - FXGL-17.3 (30.03.2023 11.49) on WINDOWS (J:17.0.9 FX:17.0.6)
21:12:45.259 [JavaFX Application Thread] DEBUG Engine               - JRE Vendor Name: Microsoft
21:12:45.259 [JavaFX Application Thread] DEBUG Engine               - Running on OS: Windows 11 version 10.0
21:12:45.259 [JavaFX Application Thread] DEBUG Engine               - Architecture: amd64
21:12:45.259 [JavaFX Application Thread] INFO  Engine               - Source code and latest versions at: https://github.com/AlmasB/FXGL
21:12:45.259 [JavaFX Application Thread] INFO  Engine               -       Ask questions and discuss at: https://github.com/AlmasB/FXGL/discussions
21:12:45.260 [JavaFX Application Thread] INFO  Engine               -              Join the FXGL chat at: https://gitter.im/AlmasB/FXGL
21:12:45.323 [JavaFX Application Thread] DEBUG PrimaryStageWindow   - Creating a JavaFX scene
21:12:45.370 [JavaFX Application Thread] DEBUG PrimaryStageWindow   - Target settings size: 800.0 x 600.0
21:12:45.370 [JavaFX Application Thread] DEBUG PrimaryStageWindow   - Scaled scene size:    800.0 x 600.0
21:12:45.371 [JavaFX Application Thread] DEBUG PrimaryStageWindow   - Scaled ratio: (1.0, 1.0)
21:12:45.371 [JavaFX Application Thread] DEBUG PrimaryStageWindow   - Set initial scene to FXGLStartupScene
21:12:45.376 [JavaFX Application Thread] DEBUG PrimaryStageWindow   - Opening main window
21:12:45.432 [JavaFX Application Thread] DEBUG PrimaryStageWindow   - Window border size: (14.66668701171875, 37.33331298828125)
21:12:45.432 [JavaFX Application Thread] DEBUG PrimaryStageWindow   - Scaled size: 800.0 x 600.0
21:12:45.433 [JavaFX Application Thread] DEBUG PrimaryStageWindow   - Scaled ratio: (1.0, 1.0)
21:12:45.433 [JavaFX Application Thread] DEBUG PrimaryStageWindow   - Scene size: 800.0 x 600.0
21:12:45.433 [JavaFX Application Thread] DEBUG PrimaryStageWindow   - Stage size: 814.6666870117188 x 637.3333129882812
21:12:45.440 [FXGL Background Thread 1 ] DEBUG Engine               - Initializing environment variables
21:12:45.468 [FXGL Background Thread 1 ] DEBUG FXGLAssetLoaderServi - User app class for loading assets: class cn.wodemc.demo1.HelloApplication
21:12:45.468 [FXGL Background Thread 1 ] DEBUG GameApplicationServi - Applying CSS: fxgl_dark.css
21:12:45.469 [FXGL Background Thread 1 ] DEBUG FXGLAssetLoaderServi - Loading from file system: jar:file:///C:/Users/17119/.m2/repository/com/github/almasb/fxgl/17.3/fxgl-17.3.jar!/fxglassets/ui/css/fxgl_dark.css
21:12:45.503 [FXGL Background Thread 1 ] DEBUG GameApplicationServi - Initializing application scenes
21:12:45.558 [FXGL Background Thread 1 ] DEBUG GameWorld            - Game world initialized
21:12:45.608 [FXGL Background Thread 1 ] DEBUG PhysicsWorld         - Physics world initialized: appHeight=600, physics.ppm=50.0
21:12:45.608 [FXGL Background Thread 1 ] DEBUG PhysicsWorld         - Using strategy: BRUTE_FORCE
21:12:45.613 [FXGL Background Thread 1 ] DEBUG GameScene            - Game scene initialized: 800x600
21:12:45.626 [FXGL Background Thread 1 ] DEBUG FXGL.DefaultMenu     - createMenuBodyGameMenu()
21:12:45.637 [FXGL Background Thread 1 ] DEBUG FXGL.DefaultMenu     - createOptionsMenu()
21:12:45.645 [FXGL Background Thread 1 ] DEBUG FXGLAssetLoaderServi - Loading from file system: jar:file:///C:/Users/17119/.m2/repository/com/github/almasb/fxgl/17.3/fxgl-17.3.jar!/fxglassets/textures/particles/smoke.png
21:12:45.714 [FXGL Background Thread 1 ] DEBUG FXGLAssetLoaderServi - Loading from file system: jar:file:///C:/Users/17119/.m2/repository/com/github/almasb/fxgl/17.3/fxgl-17.3.jar!/fxglassets/textures/particles/trace_horizontal.png
21:12:45.737 [FXGL Background Thread 1 ] DEBUG GameApplicationServi - Application scenes initialized
21:12:45.746 [FXGL Background Thread 1 ] DEBUG SystemBundleService  - Loading FXGL system data
21:12:45.750 [FXGL Background Thread 1 ] DEBUG FileSystemAccess     - Reading from: C:\Users\17119\IdeaProjects\demo1\system\fxgl.bundle
21:12:45.756 [FXGL Background Thread 1 ] DEBUG SystemBundleService  - Bundle FXGL: {}
21:12:45.757 [FXGL Background Thread 1 ] DEBUG UpdaterService       - Checking for updates
21:12:45.761 [FXGL Background Thread 4 ] DEBUG FXGLApplication      - Loading fonts
21:12:45.761 [FXGL Background Thread 1 ] DEBUG FXGLApplication      - Loading default localization
21:12:45.761 [FXGL Background Thread 4 ] DEBUG FXGLAssetLoaderServi - Loading from file system: jar:file:///C:/Users/17119/.m2/repository/com/github/almasb/fxgl/17.3/fxgl-17.3.jar!/fxglassets/ui/fonts/VarelaRound-Regular.ttf
21:12:45.762 [FXGL Background Thread 1 ] DEBUG FXGLAssetLoaderServi - Loading from file system: jar:file:///C:/Users/17119/.m2/repository/com/github/almasb/fxgl/17.3/fxgl-17.3.jar!/fxglassets/languages/english.lang
21:12:45.775 [FXGL Background Thread 1 ] INFO  FXGLApplication      - FXGL initialization took: 0.335 sec
21:12:45.784 [JavaFX Application Thread] DEBUG Input                - Registered new binding: action0 - Enter
21:12:45.785 [JavaFX Application Thread] WARN  FXGLAssetLoaderServi - Asset "/assets/textures/icon.jpg" was not found!
21:12:45.785 [JavaFX Application Thread] WARN  FXGLAssetLoaderServi - Failed to load IMAGE
21:12:45.792 [JavaFX Application Thread] DEBUG FXGLAssetLoaderServi - Loading from file system: jar:file:///C:/Users/17119/.m2/repository/com/github/almasb/fxgl/17.3/fxgl-17.3.jar!/fxglassets/textures/fxgl_default_cursor.png
21:12:45.794 [JavaFX Application Thread] DEBUG Input                - Registered new binding: Screenshot - CTRL+8
21:12:45.794 [JavaFX Application Thread] DEBUG Input                - Registered new binding: System info dump - CTRL+9
21:12:45.795 [JavaFX Application Thread] DEBUG Input                - Registered new binding: Restart - CTRL+R
21:12:45.795 [JavaFX Application Thread] DEBUG Input                - Registered new binding: Toggle Debug Camera - CTRL+7
21:12:45.797 [JavaFX Application Thread] DEBUG LoopRunner           - Starting loop
21:12:45.797 [JavaFX Application Thread] DEBUG LoopRunner           - Initializing JavaFX AnimationTimerLoop
21:12:45.799 [JavaFX Application Thread] DEBUG GameApplicationServi - Starting new game
21:12:45.799 [JavaFX Application Thread] DEBUG Input                - Clearing active input actions
21:12:45.810 [JavaFX Application Thread] DEBUG GameApplicationServi - Removing overlay from FXGLStartupScene and adding to FXGLLoadingScene
21:12:45.810 [JavaFX Application Thread] DEBUG PrimaryStageWindow   - FXGLStartupScene -> FXGLLoadingScene
21:12:45.810 [JavaFX Application Thread] DEBUG GameApplicationServi - Clearing previous game
21:12:45.810 [JavaFX Application Thread] DEBUG GameScene            - Clearing game scene
21:12:45.810 [JavaFX Application Thread] DEBUG GameWorld            - Clearing game world
21:12:45.810 [JavaFX Application Thread] DEBUG PhysicsWorld         - Clearing physics world
21:12:45.813 [FXGL Background Thread 1 ] DEBUG FXGLApplication      - Initializing game
21:12:45.814 [FXGL Background Thread 4 ] DEBUG FXGLAssetLoaderServi - Loading from file system: jar:file:///C:/Users/17119/.m2/repository/com/github/almasb/fxgl/17.3/fxgl-17.3.jar!/fxglassets/ui/fonts/Abel-Regular.ttf
21:12:45.817 [FXGL Background Thread 4 ] DEBUG FXGLAssetLoaderServi - Loading from file system: jar:file:///C:/Users/17119/.m2/repository/com/github/almasb/fxgl/17.3/fxgl-17.3.jar!/fxglassets/ui/fonts/TerminalLandMono-Regular.otf
21:12:45.820 [FXGL Background Thread 4 ] DEBUG FXGLAssetLoaderServi - Loading from file system: jar:file:///C:/Users/17119/.m2/repository/com/github/almasb/fxgl/17.3/fxgl-17.3.jar!/fxglassets/ui/fonts/Courier-Prime.ttf
21:12:45.823 [FXGL Background Thread 1 ] WARN  FXGLAssetLoaderServi - Asset "/assets/textures/bg.png" was not found!
21:12:45.823 [FXGL Background Thread 1 ] WARN  FXGLAssetLoaderServi - Failed to load IMAGE
21:12:45.827 [FXGL Background Thread 1 ] WARN  FXGLAssetLoaderServi - Asset "/assets/textures/dialog.png" was not found!
21:12:45.827 [FXGL Background Thread 1 ] WARN  FXGLAssetLoaderServi - Failed to load IMAGE
21:12:45.829 [FXGL Background Thread 1 ] INFO  FXGLApplication      - Game initialization took: 0.017 sec
21:12:45.848 [JavaFX Application Thread] DEBUG FXGLApplication      - Registering font factories with UI factory
21:12:45.850 [JavaFX Application Thread] DEBUG Input                - Clearing active input actions
21:12:45.856 [JavaFX Application Thread] DEBUG GameApplicationServi - Removing overlay from FXGLLoadingScene and adding to GameScene
21:12:45.856 [JavaFX Application Thread] DEBUG PrimaryStageWindow   - FXGLLoadingScene -> GameScene
21:12:45.857 [JavaFX Application Thread] WARN  FXGLAssetLoaderServi - Asset "/assets/text/lines.txt" was not found!
21:12:45.857 [JavaFX Application Thread] WARN  FXGLAssetLoaderServi - Failed to load TEXT
21:12:45.875 [JavaFX Application Thread] DEBUG Input                - Registered new binding: Next RPG Line - Enter
21:12:45.876 [JavaFX Application Thread] DEBUG PrimaryStageWindow   - Push state: CutsceneScene
21:12:45.876 [JavaFX Application Thread] DEBUG Input                - Clearing active input actions
21:12:45.877 [JavaFX Application Thread] DEBUG GameApplicationServi - Removing overlay from GameScene and adding to CutsceneScene
21:12:45.877 [JavaFX Application Thread] DEBUG PrimaryStageWindow   - GameScene -> CutsceneScene
21:12:45.944 [FXGL Background Thread 2 ] WARN  UpdaterService       - Failed to find updates: java.net.UnknownHostException: raw.githubusercontent.com
21:12:47.874 [JavaFX Application Thread] DEBUG FXGLApplication      - Exiting FXGL
21:12:47.875 [JavaFX Application Thread] DEBUG LoopRunner           - Stopping loop
21:12:47.875 [JavaFX Application Thread] DEBUG SystemBundleService  - Saving FXGL system data
21:12:47.879 [JavaFX Application Thread] DEBUG FileSystemAccess     - Writing to: C:\Users\17119\IdeaProjects\demo1\system\fxgl.bundle
21:12:47.882 [JavaFX Application Thread] DEBUG Async                - Shutting down background threads
21:12:47.882 [JavaFX Application Thread] DEBUG PrimaryStageWindow   - Closing main window
21:12:47.900 [JavaFX Application Thread] DEBUG Logger               - Closing Logger
