21:34:37.544 [main                     ] DEBUG Logger               - Configured Logger
21:34:37.570 [main                     ] DEBUG GameApplication      - Logging settings
Title: GalGame
Version: 0.1
Width: 800
Height: 600
Fullscreen: false
Intro: false
Profiling: false
Single step:false
App Mode: DEVELOPER
Menu Key: ESCAPE
Stage Style: DECORATED
Scene Factory: class com.almasb.fxgl.app.scene.SceneFactory

21:34:37.844 [JavaFX Application Thread] DEBUG FXGLApplication      - Initializing FXGL
21:34:37.849 [JavaFX Application Thread] INFO  Engine               - FXGL-17.3 (30.03.2023 11.49) on WINDOWS (J:17.0.9 FX:17.0.6)
21:34:37.849 [JavaFX Application Thread] DEBUG Engine               - JRE Vendor Name: Microsoft
21:34:37.849 [JavaFX Application Thread] DEBUG Engine               - Running on OS: Windows 11 version 10.0
21:34:37.849 [JavaFX Application Thread] DEBUG Engine               - Architecture: amd64
21:34:37.849 [JavaFX Application Thread] INFO  Engine               - Source code and latest versions at: https://github.com/AlmasB/FXGL
21:34:37.849 [JavaFX Application Thread] INFO  Engine               -       Ask questions and discuss at: https://github.com/AlmasB/FXGL/discussions
21:34:37.849 [JavaFX Application Thread] INFO  Engine               -              Join the FXGL chat at: https://gitter.im/AlmasB/FXGL
21:34:37.908 [JavaFX Application Thread] DEBUG PrimaryStageWindow   - Creating a JavaFX scene
21:34:37.943 [JavaFX Application Thread] DEBUG PrimaryStageWindow   - Target settings size: 800.0 x 600.0
21:34:37.943 [JavaFX Application Thread] DEBUG PrimaryStageWindow   - Scaled scene size:    800.0 x 600.0
21:34:37.943 [JavaFX Application Thread] DEBUG PrimaryStageWindow   - Scaled ratio: (1.0, 1.0)
21:34:37.943 [JavaFX Application Thread] DEBUG PrimaryStageWindow   - Set initial scene to FXGLStartupScene
21:34:37.949 [JavaFX Application Thread] DEBUG PrimaryStageWindow   - Opening main window
21:34:38.002 [JavaFX Application Thread] DEBUG PrimaryStageWindow   - Window border size: (14.66668701171875, 37.33331298828125)
21:34:38.004 [JavaFX Application Thread] DEBUG PrimaryStageWindow   - Scaled size: 800.0 x 600.0
21:34:38.004 [JavaFX Application Thread] DEBUG PrimaryStageWindow   - Scaled ratio: (1.0, 1.0)
21:34:38.004 [JavaFX Application Thread] DEBUG PrimaryStageWindow   - Scene size: 800.0 x 600.0
21:34:38.004 [JavaFX Application Thread] DEBUG PrimaryStageWindow   - Stage size: 814.6666870117188 x 637.3333129882812
21:34:38.010 [FXGL Background Thread 1 ] DEBUG Engine               - Initializing environment variables
21:34:38.034 [FXGL Background Thread 1 ] DEBUG FXGLAssetLoaderServi - User app class for loading assets: class cn.wodemc.demo1.HelloApplication
21:34:38.034 [FXGL Background Thread 1 ] DEBUG GameApplicationServi - Applying CSS: fxgl_dark.css
21:34:38.034 [FXGL Background Thread 1 ] DEBUG FXGLAssetLoaderServi - Loading from file system: jar:file:///C:/Users/17119/.m2/repository/com/github/almasb/fxgl/17.3/fxgl-17.3.jar!/fxglassets/ui/css/fxgl_dark.css
21:34:38.066 [FXGL Background Thread 1 ] DEBUG GameApplicationServi - Initializing application scenes
21:34:38.120 [FXGL Background Thread 1 ] DEBUG GameWorld            - Game world initialized
21:34:38.163 [FXGL Background Thread 1 ] DEBUG PhysicsWorld         - Physics world initialized: appHeight=600, physics.ppm=50.0
21:34:38.163 [FXGL Background Thread 1 ] DEBUG PhysicsWorld         - Using strategy: BRUTE_FORCE
21:34:38.166 [FXGL Background Thread 1 ] DEBUG GameScene            - Game scene initialized: 800x600
21:34:38.175 [FXGL Background Thread 1 ] DEBUG FXGL.DefaultMenu     - createMenuBodyGameMenu()
21:34:38.186 [FXGL Background Thread 1 ] DEBUG FXGL.DefaultMenu     - createOptionsMenu()
21:34:38.194 [FXGL Background Thread 1 ] DEBUG FXGLAssetLoaderServi - Loading from file system: jar:file:///C:/Users/17119/.m2/repository/com/github/almasb/fxgl/17.3/fxgl-17.3.jar!/fxglassets/textures/particles/smoke.png
21:34:38.257 [FXGL Background Thread 1 ] DEBUG FXGLAssetLoaderServi - Loading from file system: jar:file:///C:/Users/17119/.m2/repository/com/github/almasb/fxgl/17.3/fxgl-17.3.jar!/fxglassets/textures/particles/trace_horizontal.png
21:34:38.283 [FXGL Background Thread 1 ] DEBUG GameApplicationServi - Application scenes initialized
21:34:38.293 [FXGL Background Thread 1 ] DEBUG SystemBundleService  - Loading FXGL system data
21:34:38.298 [FXGL Background Thread 1 ] DEBUG FileSystemAccess     - Reading from: C:\Users\17119\IdeaProjects\demo1\system\fxgl.bundle
21:34:38.303 [FXGL Background Thread 1 ] DEBUG SystemBundleService  - Bundle FXGL: {}
21:34:38.303 [FXGL Background Thread 1 ] DEBUG UpdaterService       - Checking for updates
21:34:38.306 [FXGL Background Thread 4 ] DEBUG FXGLApplication      - Loading fonts
21:34:38.306 [FXGL Background Thread 1 ] DEBUG FXGLApplication      - Loading default localization
21:34:38.307 [FXGL Background Thread 4 ] DEBUG FXGLAssetLoaderServi - Loading from file system: jar:file:///C:/Users/17119/.m2/repository/com/github/almasb/fxgl/17.3/fxgl-17.3.jar!/fxglassets/ui/fonts/VarelaRound-Regular.ttf
21:34:38.307 [FXGL Background Thread 1 ] DEBUG FXGLAssetLoaderServi - Loading from file system: jar:file:///C:/Users/17119/.m2/repository/com/github/almasb/fxgl/17.3/fxgl-17.3.jar!/fxglassets/languages/english.lang
21:34:38.321 [FXGL Background Thread 1 ] INFO  FXGLApplication      - FXGL initialization took: 0.312 sec
21:34:38.323 [JavaFX Application Thread] DEBUG FXGLAssetLoaderServi - Loading from file system: file:/C:/Users/17119/IdeaProjects/demo1/target/classes/assets/textures/icon.jpg
21:34:38.333 [JavaFX Application Thread] DEBUG FXGLAssetLoaderServi - Loading from file system: jar:file:///C:/Users/17119/.m2/repository/com/github/almasb/fxgl/17.3/fxgl-17.3.jar!/fxglassets/textures/fxgl_default_cursor.png
21:34:38.348 [JavaFX Application Thread] DEBUG Input                - Registered new binding: Screenshot - CTRL+8
21:34:38.348 [JavaFX Application Thread] DEBUG Input                - Registered new binding: System info dump - CTRL+9
21:34:38.349 [JavaFX Application Thread] DEBUG Input                - Registered new binding: Restart - CTRL+R
21:34:38.351 [JavaFX Application Thread] DEBUG Input                - Registered new binding: Toggle Debug Camera - CTRL+7
21:34:38.353 [FXGL Background Thread 4 ] DEBUG FXGLAssetLoaderServi - Loading from file system: jar:file:///C:/Users/17119/.m2/repository/com/github/almasb/fxgl/17.3/fxgl-17.3.jar!/fxglassets/ui/fonts/Abel-Regular.ttf
21:34:38.355 [JavaFX Application Thread] DEBUG LoopRunner           - Starting loop
21:34:38.355 [JavaFX Application Thread] DEBUG LoopRunner           - Initializing JavaFX AnimationTimerLoop
21:34:38.357 [FXGL Background Thread 4 ] DEBUG FXGLAssetLoaderServi - Loading from file system: jar:file:///C:/Users/17119/.m2/repository/com/github/almasb/fxgl/17.3/fxgl-17.3.jar!/fxglassets/ui/fonts/TerminalLandMono-Regular.otf
21:34:38.359 [JavaFX Application Thread] DEBUG GameApplicationServi - Starting new game
21:34:38.359 [JavaFX Application Thread] DEBUG Input                - Clearing active input actions
21:34:38.360 [FXGL Background Thread 4 ] DEBUG FXGLAssetLoaderServi - Loading from file system: jar:file:///C:/Users/17119/.m2/repository/com/github/almasb/fxgl/17.3/fxgl-17.3.jar!/fxglassets/ui/fonts/Courier-Prime.ttf
21:34:38.371 [JavaFX Application Thread] DEBUG GameApplicationServi - Removing overlay from FXGLStartupScene and adding to FXGLLoadingScene
21:34:38.372 [JavaFX Application Thread] DEBUG PrimaryStageWindow   - FXGLStartupScene -> FXGLLoadingScene
21:34:38.372 [JavaFX Application Thread] DEBUG GameApplicationServi - Clearing previous game
21:34:38.372 [JavaFX Application Thread] DEBUG GameScene            - Clearing game scene
21:34:38.372 [JavaFX Application Thread] DEBUG GameWorld            - Clearing game world
21:34:38.372 [JavaFX Application Thread] DEBUG PhysicsWorld         - Clearing physics world
21:34:38.374 [FXGL Background Thread 4 ] DEBUG FXGLApplication      - Initializing game
21:34:38.386 [FXGL Background Thread 4 ] DEBUG FXGLAssetLoaderServi - Loading from file system: file:/C:/Users/17119/IdeaProjects/demo1/target/classes/assets/textures/bg.jpg
21:34:38.407 [JavaFX Application Thread] DEBUG FXGLApplication      - Registering font factories with UI factory
21:34:38.421 [FXGL Background Thread 4 ] DEBUG FXGLAssetLoaderServi - Loading from file system: file:/C:/Users/17119/IdeaProjects/demo1/target/classes/assets/textures/dialogbg.jpg
21:34:38.455 [FXGL Background Thread 4 ] INFO  FXGLApplication      - Game initialization took: 0.081 sec
21:34:38.463 [JavaFX Application Thread] DEBUG Input                - Clearing active input actions
21:34:38.468 [JavaFX Application Thread] DEBUG GameApplicationServi - Removing overlay from FXGLLoadingScene and adding to GameScene
21:34:38.468 [JavaFX Application Thread] DEBUG PrimaryStageWindow   - FXGLLoadingScene -> GameScene
21:34:38.478 [JavaFX Application Thread] DEBUG FXGLAssetLoaderServi - Loading from file system: file:/C:/Users/17119/IdeaProjects/demo1/target/classes/assets/text/lines.txt
21:34:38.483 [JavaFX Application Thread] DEBUG Input                - Registered new binding: Next RPG Line - Enter
21:34:38.485 [JavaFX Application Thread] DEBUG PrimaryStageWindow   - Push state: CutsceneScene
21:34:38.485 [JavaFX Application Thread] DEBUG Input                - Clearing active input actions
21:34:38.486 [JavaFX Application Thread] DEBUG GameApplicationServi - Removing overlay from GameScene and adding to CutsceneScene
21:34:38.486 [JavaFX Application Thread] DEBUG PrimaryStageWindow   - GameScene -> CutsceneScene
21:34:38.500 [FXGL Background Thread 2 ] WARN  UpdaterService       - Failed to find updates: java.net.UnknownHostException: raw.githubusercontent.com
21:34:39.687 [JavaFX Application Thread] WARN  FXGLAssetLoaderServi - Asset "/assets/textures/nanzhu.jpg" was not found!
21:34:39.688 [JavaFX Application Thread] WARN  FXGLAssetLoaderServi - Failed to load IMAGE
21:34:41.307 [FXGL Background Thread 3 ] DEBUG Engine               - Logging environment variables
21:34:41.308 [FXGL Background Thread 3 ] DEBUG Engine               - achievements: []
21:34:41.308 [FXGL Background Thread 3 ] DEBUG Engine               - actualHeight: 600.0
21:34:41.309 [FXGL Background Thread 3 ] DEBUG Engine               - actualHeightProperty: ReadOnlyDoubleProperty [value: 600.0]
21:34:41.309 [FXGL Background Thread 3 ] DEBUG Engine               - actualWidth: 800.0
21:34:41.312 [FXGL Background Thread 3 ] DEBUG Engine               - actualWidthProperty: ReadOnlyDoubleProperty [value: 800.0]
21:34:41.314 [FXGL Background Thread 3 ] DEBUG Engine               - appIcon: icon.jpg
21:34:41.314 [FXGL Background Thread 3 ] DEBUG Engine               - applicationMode: DEVELOPER
21:34:41.314 [FXGL Background Thread 3 ] DEBUG Engine               - cSSList: [fxgl_dark.css]
21:34:41.315 [FXGL Background Thread 3 ] DEBUG Engine               - collisionDetectionStrategy: BRUTE_FORCE
21:34:41.315 [FXGL Background Thread 3 ] DEBUG Engine               - configClass: Optional.empty
21:34:41.315 [FXGL Background Thread 3 ] DEBUG Engine               - credits: []
21:34:41.316 [FXGL Background Thread 3 ] DEBUG Engine               - defaultCursor: CursorInfo(imageName=fxgl_default_cursor.png, hotspotX=7.0, hotspotY=6.0)
21:34:41.316 [FXGL Background Thread 3 ] DEBUG Engine               - devBBoxColorProperty: ObjectProperty [value: 0xff0000ff]
21:34:41.316 [FXGL Background Thread 3 ] DEBUG Engine               - devEnableDebugCameraProperty: BooleanProperty [value: false]
21:34:41.316 [FXGL Background Thread 3 ] DEBUG Engine               - devSensorColorProperty: ObjectProperty [value: 0xffff00ff]
21:34:41.316 [FXGL Background Thread 3 ] DEBUG Engine               - devShowBBoxProperty: BooleanProperty [value: false]
21:34:41.316 [FXGL Background Thread 3 ] DEBUG Engine               - devShowPositionProperty: BooleanProperty [value: false]
21:34:41.316 [FXGL Background Thread 3 ] DEBUG Engine               - enabledMenuItems: []
21:34:41.316 [FXGL Background Thread 3 ] DEBUG Engine               - engineServices: [class com.almasb.fxgl.app.services.FXGLAssetLoaderService, class com.almasb.fxgl.app.FXGLApplication$GameApplicationService, class com.almasb.fxgl.app.services.FXGLDialogService, class com.almasb.fxgl.app.services.IOTaskExecutorService, class com.almasb.fxgl.io.FileSystemService, class com.almasb.fxgl.localization.LocalizationService, class com.almasb.fxgl.app.services.SystemBundleService, class com.almasb.fxgl.profile.SaveLoadService, class com.almasb.fxgl.ui.FXGLUIFactoryServiceProvider, class com.almasb.fxgl.ui.FXGLDialogFactoryServiceProvider, class com.almasb.fxgl.audio.AudioPlayer, class com.almasb.fxgl.notification.impl.NotificationServiceProvider, class com.almasb.fxgl.achievement.AchievementService, class com.almasb.fxgl.cutscene.CutsceneService, class com.almasb.fxgl.minigames.MiniGameService, class com.almasb.fxgl.net.NetService, class com.almasb.fxgl.app.services.UpdaterService, class com.almasb.fxgl.dev.DevService]
21:34:41.316 [FXGL Background Thread 3 ] DEBUG Engine               - fontGame: Abel-Regular.ttf
21:34:41.316 [FXGL Background Thread 3 ] DEBUG Engine               - fontMono: TerminalLandMono-Regular.otf
21:34:41.316 [FXGL Background Thread 3 ] DEBUG Engine               - fontSizeScaleUI: 1.0
21:34:41.316 [FXGL Background Thread 3 ] DEBUG Engine               - fontText: Courier-Prime.ttf
21:34:41.316 [FXGL Background Thread 3 ] DEBUG Engine               - fontUI: VarelaRound-Regular.ttf
21:34:41.317 [FXGL Background Thread 3 ] DEBUG Engine               - fullScreen: BooleanProperty [value: false]
21:34:41.317 [FXGL Background Thread 3 ] DEBUG Engine               - gameDifficulty: MEDIUM
21:34:41.317 [FXGL Background Thread 3 ] DEBUG Engine               - gameDifficultyProperty: ObjectProperty [value: MEDIUM]
21:34:41.317 [FXGL Background Thread 3 ] DEBUG Engine               - globalMusicVolume: 0.5
21:34:41.317 [FXGL Background Thread 3 ] DEBUG Engine               - globalMusicVolumeProperty: DoubleProperty [value: 0.5]
21:34:41.317 [FXGL Background Thread 3 ] DEBUG Engine               - globalSoundVolume: 0.5
21:34:41.317 [FXGL Background Thread 3 ] DEBUG Engine               - globalSoundVolumeProperty: DoubleProperty [value: 0.5]
21:34:41.317 [FXGL Background Thread 3 ] DEBUG Engine               - height: 600
21:34:41.317 [FXGL Background Thread 3 ] DEBUG Engine               - is3D: false
21:34:41.317 [FXGL Background Thread 3 ] DEBUG Engine               - isAndroid: false
21:34:41.317 [FXGL Background Thread 3 ] DEBUG Engine               - isBrowser: false
21:34:41.317 [FXGL Background Thread 3 ] DEBUG Engine               - isClickFeedbackEnabled: false
21:34:41.317 [FXGL Background Thread 3 ] DEBUG Engine               - isCloseConfirmation: false
21:34:41.317 [FXGL Background Thread 3 ] DEBUG Engine               - isDesktop: true
21:34:41.317 [FXGL Background Thread 3 ] DEBUG Engine               - isDeveloperMenuEnabled: false
21:34:41.317 [FXGL Background Thread 3 ] DEBUG Engine               - isEmbedded: false
21:34:41.317 [FXGL Background Thread 3 ] DEBUG Engine               - isEntityPreloadEnabled: true
21:34:41.317 [FXGL Background Thread 3 ] DEBUG Engine               - isExperimentalTiledLargeMap: false
21:34:41.317 [FXGL Background Thread 3 ] DEBUG Engine               - isFileSystemWriteAllowed: true
21:34:41.317 [FXGL Background Thread 3 ] DEBUG Engine               - isFullScreenAllowed: false
21:34:41.317 [FXGL Background Thread 3 ] DEBUG Engine               - isFullScreenFromStart: false
21:34:41.318 [FXGL Background Thread 3 ] DEBUG Engine               - isGameMenuEnabled: true
21:34:41.318 [FXGL Background Thread 3 ] DEBUG Engine               - isIOS: false
21:34:41.318 [FXGL Background Thread 3 ] DEBUG Engine               - isIntroEnabled: false
21:34:41.318 [FXGL Background Thread 3 ] DEBUG Engine               - isLinux: false
21:34:41.318 [FXGL Background Thread 3 ] DEBUG Engine               - isMac: false
21:34:41.318 [FXGL Background Thread 3 ] DEBUG Engine               - isMainMenuEnabled: false
21:34:41.318 [FXGL Background Thread 3 ] DEBUG Engine               - isManualResizeEnabled: false
21:34:41.318 [FXGL Background Thread 3 ] DEBUG Engine               - isMobile: false
21:34:41.318 [FXGL Background Thread 3 ] DEBUG Engine               - isNative: false
21:34:41.318 [FXGL Background Thread 3 ] DEBUG Engine               - isPauseMusicWhenMinimized: true
21:34:41.318 [FXGL Background Thread 3 ] DEBUG Engine               - isPreserveResizeRatio: false
21:34:41.318 [FXGL Background Thread 3 ] DEBUG Engine               - isProfilingEnabled: false
21:34:41.318 [FXGL Background Thread 3 ] DEBUG Engine               - isScaleAffectedOnResize: true
21:34:41.318 [FXGL Background Thread 3 ] DEBUG Engine               - isSingleStep: false
21:34:41.318 [FXGL Background Thread 3 ] DEBUG Engine               - isUserProfileEnabled: false
21:34:41.318 [FXGL Background Thread 3 ] DEBUG Engine               - isWindows: true
21:34:41.318 [FXGL Background Thread 3 ] DEBUG Engine               - language: ObjectProperty [value: ENGLISH]
21:34:41.318 [FXGL Background Thread 3 ] DEBUG Engine               - menuKey: ESCAPE
21:34:41.318 [FXGL Background Thread 3 ] DEBUG Engine               - mouseSensitivity: 0.2
21:34:41.318 [FXGL Background Thread 3 ] DEBUG Engine               - notificationViewClass: class com.almasb.fxgl.notification.view.XboxNotificationView
21:34:41.318 [FXGL Background Thread 3 ] DEBUG Engine               - pixelsPerMeter: 50.0
21:34:41.319 [FXGL Background Thread 3 ] DEBUG Engine               - platform: WINDOWS
21:34:41.319 [FXGL Background Thread 3 ] DEBUG Engine               - prefHeightProperty: ReadOnlyDoubleProperty [value: 600.0]
21:34:41.319 [FXGL Background Thread 3 ] DEBUG Engine               - prefWidthProperty: ReadOnlyDoubleProperty [value: 800.0]
21:34:41.319 [FXGL Background Thread 3 ] DEBUG Engine               - profileDir: profiles/
21:34:41.319 [FXGL Background Thread 3 ] DEBUG Engine               - profileName: StringProperty [value: DEFAULT]
21:34:41.319 [FXGL Background Thread 3 ] DEBUG Engine               - randomSeed: -1
21:34:41.319 [FXGL Background Thread 3 ] DEBUG Engine               - runtimeInfo: RuntimeInfo(platform=WINDOWS, version=17.3, build=30.03.2023 11.49)
21:34:41.319 [FXGL Background Thread 3 ] DEBUG Engine               - saveFileExt: sav
21:34:41.319 [FXGL Background Thread 3 ] DEBUG Engine               - scaledHeightProp$fxgl: DoubleProperty [bound, value: 600.0]
21:34:41.319 [FXGL Background Thread 3 ] DEBUG Engine               - scaledWidthProp$fxgl: DoubleProperty [bound, value: 800.0]
21:34:41.319 [FXGL Background Thread 3 ] DEBUG Engine               - sceneFactory: com.almasb.fxgl.app.scene.SceneFactory@45ca468f
21:34:41.320 [FXGL Background Thread 3 ] DEBUG Engine               - secondsIn24h: 60
21:34:41.320 [FXGL Background Thread 3 ] DEBUG Engine               - soundMenuBack: menu/back.wav
21:34:41.320 [FXGL Background Thread 3 ] DEBUG Engine               - soundMenuPress: menu/press.wav
21:34:41.320 [FXGL Background Thread 3 ] DEBUG Engine               - soundMenuSelect: menu/select.wav
21:34:41.320 [FXGL Background Thread 3 ] DEBUG Engine               - soundNotification: core/notification.wav
21:34:41.320 [FXGL Background Thread 3 ] DEBUG Engine               - stageStyle: DECORATED
21:34:41.320 [FXGL Background Thread 3 ] DEBUG Engine               - supportedLanguages: [ENGLISH, FRENCH, GERMAN, HUNGARIAN, RUSSIAN]
21:34:41.320 [FXGL Background Thread 3 ] DEBUG Engine               - ticksPerSecond: -1
21:34:41.320 [FXGL Background Thread 3 ] DEBUG Engine               - title: GalGame
21:34:41.320 [FXGL Background Thread 3 ] DEBUG Engine               - urlGithub: https://github.com/AlmasB/FXGL
21:34:41.320 [FXGL Background Thread 3 ] DEBUG Engine               - urlLeaderboard: http://fxgl-top.herokuapp.com/
21:34:41.320 [FXGL Background Thread 3 ] DEBUG Engine               - urlPOM: https://raw.githubusercontent.com/AlmasB/FXGL/release/README.md
21:34:41.320 [FXGL Background Thread 3 ] DEBUG Engine               - userAppClass: class cn.wodemc.demo1.HelloApplication
21:34:41.320 [FXGL Background Thread 3 ] DEBUG Engine               - version: 0.1
21:34:41.320 [FXGL Background Thread 3 ] DEBUG Engine               - versionCheckDays: 7
21:34:41.320 [FXGL Background Thread 3 ] DEBUG Engine               - width: 800
21:34:41.320 [FXGL Background Thread 3 ] DEBUG Engine               - Logging services
21:34:41.320 [FXGL Background Thread 3 ] DEBUG Engine               - class com.almasb.fxgl.app.services.FXGLAssetLoaderService
21:34:41.320 [FXGL Background Thread 3 ] DEBUG Engine               - class com.almasb.fxgl.app.FXGLApplication$GameApplicationService
21:34:41.320 [FXGL Background Thread 3 ] DEBUG Engine               - class com.almasb.fxgl.app.services.FXGLDialogService
21:34:41.320 [FXGL Background Thread 3 ] DEBUG Engine               - class com.almasb.fxgl.app.services.IOTaskExecutorService
21:34:41.320 [FXGL Background Thread 3 ] DEBUG Engine               - class com.almasb.fxgl.io.FileSystemService
21:34:41.320 [FXGL Background Thread 3 ] DEBUG Engine               - class com.almasb.fxgl.localization.LocalizationService
21:34:41.320 [FXGL Background Thread 3 ] DEBUG Engine               - class com.almasb.fxgl.app.services.SystemBundleService
21:34:41.320 [FXGL Background Thread 3 ] DEBUG Engine               - class com.almasb.fxgl.profile.SaveLoadService
21:34:41.320 [FXGL Background Thread 3 ] DEBUG Engine               - class com.almasb.fxgl.ui.FXGLUIFactoryServiceProvider
21:34:41.321 [FXGL Background Thread 3 ] DEBUG Engine               - class com.almasb.fxgl.ui.FXGLDialogFactoryServiceProvider
21:34:41.321 [FXGL Background Thread 3 ] DEBUG Engine               - class com.almasb.fxgl.audio.AudioPlayer
21:34:41.321 [FXGL Background Thread 3 ] DEBUG Engine               - class com.almasb.fxgl.notification.impl.NotificationServiceProvider
21:34:41.321 [FXGL Background Thread 3 ] DEBUG Engine               - class com.almasb.fxgl.achievement.AchievementService
21:34:41.321 [FXGL Background Thread 3 ] DEBUG Engine               - class com.almasb.fxgl.cutscene.CutsceneService
21:34:41.321 [FXGL Background Thread 3 ] DEBUG Engine               - class com.almasb.fxgl.minigames.MiniGameService
21:34:41.321 [FXGL Background Thread 3 ] DEBUG Engine               - class com.almasb.fxgl.net.NetService
21:34:41.321 [FXGL Background Thread 3 ] DEBUG Engine               - class com.almasb.fxgl.app.services.UpdaterService
21:34:41.321 [FXGL Background Thread 3 ] DEBUG Engine               - class com.almasb.fxgl.dev.DevService
21:34:41.897 [JavaFX Application Thread] DEBUG FXGLApplication      - Exiting FXGL
21:34:41.897 [JavaFX Application Thread] DEBUG LoopRunner           - Stopping loop
21:34:41.898 [JavaFX Application Thread] DEBUG SystemBundleService  - Saving FXGL system data
21:34:41.903 [JavaFX Application Thread] DEBUG FileSystemAccess     - Writing to: C:\Users\17119\IdeaProjects\demo1\system\fxgl.bundle
21:34:41.906 [JavaFX Application Thread] DEBUG Async                - Shutting down background threads
21:34:41.906 [JavaFX Application Thread] DEBUG PrimaryStageWindow   - Closing main window
21:34:41.933 [JavaFX Application Thread] DEBUG Logger               - Closing Logger
