21:28:36.402 [main                     ] DEBUG Logger               - Configured Logger
21:28:36.429 [main                     ] DEBUG GameApplication      - Logging settings
Title: GalGame
Version: 0.1
Width: 800
Height: 600
Fullscreen: false
Intro: false
Profiling: false
Single step:false
App Mode: DEVELOPER
Menu Key: ESCAPE
Stage Style: DECORATED
Scene Factory: class com.almasb.fxgl.app.scene.SceneFactory

21:28:36.705 [JavaFX Application Thread] DEBUG FXGLApplication      - Initializing FXGL
21:28:36.709 [JavaFX Application Thread] INFO  Engine               - FXGL-17.3 (30.03.2023 11.49) on WINDOWS (J:17.0.9 FX:17.0.6)
21:28:36.709 [JavaFX Application Thread] DEBUG Engine               - JRE Vendor Name: Microsoft
21:28:36.710 [JavaFX Application Thread] DEBUG Engine               - Running on OS: Windows 11 version 10.0
21:28:36.710 [JavaFX Application Thread] DEBUG Engine               - Architecture: amd64
21:28:36.710 [JavaFX Application Thread] INFO  Engine               - Source code and latest versions at: https://github.com/AlmasB/FXGL
21:28:36.710 [JavaFX Application Thread] INFO  Engine               -       Ask questions and discuss at: https://github.com/AlmasB/FXGL/discussions
21:28:36.710 [JavaFX Application Thread] INFO  Engine               -              Join the FXGL chat at: https://gitter.im/AlmasB/FXGL
21:28:36.767 [JavaFX Application Thread] DEBUG PrimaryStageWindow   - Creating a JavaFX scene
21:28:36.802 [JavaFX Application Thread] DEBUG PrimaryStageWindow   - Target settings size: 800.0 x 600.0
21:28:36.802 [JavaFX Application Thread] DEBUG PrimaryStageWindow   - Scaled scene size:    800.0 x 600.0
21:28:36.802 [JavaFX Application Thread] DEBUG PrimaryStageWindow   - Scaled ratio: (1.0, 1.0)
21:28:36.803 [JavaFX Application Thread] DEBUG PrimaryStageWindow   - Set initial scene to FXGLStartupScene
21:28:36.807 [JavaFX Application Thread] DEBUG PrimaryStageWindow   - Opening main window
21:28:36.871 [JavaFX Application Thread] DEBUG PrimaryStageWindow   - Window border size: (14.66668701171875, 37.33331298828125)
21:28:36.872 [JavaFX Application Thread] DEBUG PrimaryStageWindow   - Scaled size: 800.0 x 600.0
21:28:36.872 [JavaFX Application Thread] DEBUG PrimaryStageWindow   - Scaled ratio: (1.0, 1.0)
21:28:36.872 [JavaFX Application Thread] DEBUG PrimaryStageWindow   - Scene size: 800.0 x 600.0
21:28:36.872 [JavaFX Application Thread] DEBUG PrimaryStageWindow   - Stage size: 814.6666870117188 x 637.3333129882812
21:28:36.877 [FXGL Background Thread 1 ] DEBUG Engine               - Initializing environment variables
21:28:36.900 [FXGL Background Thread 1 ] DEBUG FXGLAssetLoaderServi - User app class for loading assets: class cn.wodemc.demo1.HelloApplication
21:28:36.901 [FXGL Background Thread 1 ] DEBUG GameApplicationServi - Applying CSS: fxgl_dark.css
21:28:36.901 [FXGL Background Thread 1 ] DEBUG FXGLAssetLoaderServi - Loading from file system: jar:file:///C:/Users/17119/.m2/repository/com/github/almasb/fxgl/17.3/fxgl-17.3.jar!/fxglassets/ui/css/fxgl_dark.css
21:28:36.936 [FXGL Background Thread 1 ] DEBUG GameApplicationServi - Initializing application scenes
21:28:36.987 [FXGL Background Thread 1 ] DEBUG GameWorld            - Game world initialized
21:28:37.032 [FXGL Background Thread 1 ] DEBUG PhysicsWorld         - Physics world initialized: appHeight=600, physics.ppm=50.0
21:28:37.032 [FXGL Background Thread 1 ] DEBUG PhysicsWorld         - Using strategy: BRUTE_FORCE
21:28:37.036 [FXGL Background Thread 1 ] DEBUG GameScene            - Game scene initialized: 800x600
21:28:37.045 [FXGL Background Thread 1 ] DEBUG FXGL.DefaultMenu     - createMenuBodyGameMenu()
21:28:37.054 [FXGL Background Thread 1 ] DEBUG FXGL.DefaultMenu     - createOptionsMenu()
21:28:37.061 [FXGL Background Thread 1 ] DEBUG FXGLAssetLoaderServi - Loading from file system: jar:file:///C:/Users/17119/.m2/repository/com/github/almasb/fxgl/17.3/fxgl-17.3.jar!/fxglassets/textures/particles/smoke.png
21:28:37.132 [FXGL Background Thread 1 ] DEBUG FXGLAssetLoaderServi - Loading from file system: jar:file:///C:/Users/17119/.m2/repository/com/github/almasb/fxgl/17.3/fxgl-17.3.jar!/fxglassets/textures/particles/trace_horizontal.png
21:28:37.157 [FXGL Background Thread 1 ] DEBUG GameApplicationServi - Application scenes initialized
21:28:37.170 [FXGL Background Thread 1 ] DEBUG SystemBundleService  - Loading FXGL system data
21:28:37.174 [FXGL Background Thread 1 ] DEBUG FileSystemAccess     - Reading from: C:\Users\17119\IdeaProjects\demo1\system\fxgl.bundle
21:28:37.180 [FXGL Background Thread 1 ] DEBUG SystemBundleService  - Bundle FXGL: {}
21:28:37.180 [FXGL Background Thread 1 ] DEBUG UpdaterService       - Checking for updates
21:28:37.183 [FXGL Background Thread 4 ] DEBUG FXGLApplication      - Loading fonts
21:28:37.184 [FXGL Background Thread 4 ] DEBUG FXGLAssetLoaderServi - Loading from file system: jar:file:///C:/Users/17119/.m2/repository/com/github/almasb/fxgl/17.3/fxgl-17.3.jar!/fxglassets/ui/fonts/VarelaRound-Regular.ttf
21:28:37.184 [FXGL Background Thread 1 ] DEBUG FXGLApplication      - Loading default localization
21:28:37.185 [FXGL Background Thread 1 ] DEBUG FXGLAssetLoaderServi - Loading from file system: jar:file:///C:/Users/17119/.m2/repository/com/github/almasb/fxgl/17.3/fxgl-17.3.jar!/fxglassets/languages/english.lang
21:28:37.199 [FXGL Background Thread 1 ] INFO  FXGLApplication      - FXGL initialization took: 0.321 sec
21:28:37.207 [JavaFX Application Thread] DEBUG Input                - Registered new binding: action0 - Enter
21:28:37.207 [JavaFX Application Thread] DEBUG FXGLAssetLoaderServi - Loading from file system: file:/C:/Users/17119/IdeaProjects/demo1/target/classes/assets/textures/icon.jpg
21:28:37.222 [JavaFX Application Thread] DEBUG FXGLAssetLoaderServi - Loading from file system: jar:file:///C:/Users/17119/.m2/repository/com/github/almasb/fxgl/17.3/fxgl-17.3.jar!/fxglassets/textures/fxgl_default_cursor.png
21:28:37.227 [JavaFX Application Thread] DEBUG Input                - Registered new binding: Screenshot - CTRL+8
21:28:37.228 [JavaFX Application Thread] DEBUG Input                - Registered new binding: System info dump - CTRL+9
21:28:37.229 [JavaFX Application Thread] DEBUG Input                - Registered new binding: Restart - CTRL+R
21:28:37.231 [JavaFX Application Thread] DEBUG Input                - Registered new binding: Toggle Debug Camera - CTRL+7
21:28:37.233 [FXGL Background Thread 4 ] DEBUG FXGLAssetLoaderServi - Loading from file system: jar:file:///C:/Users/17119/.m2/repository/com/github/almasb/fxgl/17.3/fxgl-17.3.jar!/fxglassets/ui/fonts/Abel-Regular.ttf
21:28:37.236 [FXGL Background Thread 4 ] DEBUG FXGLAssetLoaderServi - Loading from file system: jar:file:///C:/Users/17119/.m2/repository/com/github/almasb/fxgl/17.3/fxgl-17.3.jar!/fxglassets/ui/fonts/TerminalLandMono-Regular.otf
21:28:37.237 [JavaFX Application Thread] DEBUG LoopRunner           - Starting loop
21:28:37.237 [JavaFX Application Thread] DEBUG LoopRunner           - Initializing JavaFX AnimationTimerLoop
21:28:37.240 [FXGL Background Thread 4 ] DEBUG FXGLAssetLoaderServi - Loading from file system: jar:file:///C:/Users/17119/.m2/repository/com/github/almasb/fxgl/17.3/fxgl-17.3.jar!/fxglassets/ui/fonts/Courier-Prime.ttf
21:28:37.240 [JavaFX Application Thread] DEBUG GameApplicationServi - Starting new game
21:28:37.241 [JavaFX Application Thread] DEBUG Input                - Clearing active input actions
21:28:37.252 [JavaFX Application Thread] DEBUG GameApplicationServi - Removing overlay from FXGLStartupScene and adding to FXGLLoadingScene
21:28:37.253 [JavaFX Application Thread] DEBUG PrimaryStageWindow   - FXGLStartupScene -> FXGLLoadingScene
21:28:37.253 [JavaFX Application Thread] DEBUG GameApplicationServi - Clearing previous game
21:28:37.253 [JavaFX Application Thread] DEBUG GameScene            - Clearing game scene
21:28:37.253 [JavaFX Application Thread] DEBUG GameWorld            - Clearing game world
21:28:37.253 [JavaFX Application Thread] DEBUG PhysicsWorld         - Clearing physics world
21:28:37.256 [FXGL Background Thread 4 ] DEBUG FXGLApplication      - Initializing game
21:28:37.268 [FXGL Background Thread 4 ] DEBUG FXGLAssetLoaderServi - Loading from file system: file:/C:/Users/17119/IdeaProjects/demo1/target/classes/assets/textures/bg.jpg
21:28:37.292 [JavaFX Application Thread] DEBUG FXGLApplication      - Registering font factories with UI factory
21:28:37.305 [FXGL Background Thread 4 ] DEBUG FXGLAssetLoaderServi - Loading from file system: file:/C:/Users/17119/IdeaProjects/demo1/target/classes/assets/textures/dialogbg.jpg
21:28:37.340 [FXGL Background Thread 4 ] INFO  FXGLApplication      - Game initialization took: 0.084 sec
21:28:37.345 [JavaFX Application Thread] DEBUG Input                - Clearing active input actions
21:28:37.351 [JavaFX Application Thread] DEBUG GameApplicationServi - Removing overlay from FXGLLoadingScene and adding to GameScene
21:28:37.352 [JavaFX Application Thread] DEBUG PrimaryStageWindow   - FXGLLoadingScene -> GameScene
21:28:37.355 [JavaFX Application Thread] WARN  FXGLAssetLoaderServi - Asset "/assets/text/lines.txt" was not found!
21:28:37.355 [JavaFX Application Thread] WARN  FXGLAssetLoaderServi - Failed to load TEXT
21:28:37.361 [JavaFX Application Thread] DEBUG Input                - Registered new binding: Next RPG Line - Enter
21:28:37.361 [JavaFX Application Thread] DEBUG PrimaryStageWindow   - Push state: CutsceneScene
21:28:37.362 [JavaFX Application Thread] DEBUG Input                - Clearing active input actions
21:28:37.363 [JavaFX Application Thread] DEBUG GameApplicationServi - Removing overlay from GameScene and adding to CutsceneScene
21:28:37.363 [JavaFX Application Thread] DEBUG PrimaryStageWindow   - GameScene -> CutsceneScene
21:28:37.370 [FXGL Background Thread 2 ] WARN  UpdaterService       - Failed to find updates: java.net.UnknownHostException: raw.githubusercontent.com
21:28:40.183 [FXGL Background Thread 3 ] DEBUG Engine               - Logging environment variables
21:28:40.184 [FXGL Background Thread 3 ] DEBUG Engine               - achievements: []
21:28:40.184 [FXGL Background Thread 3 ] DEBUG Engine               - actualHeight: 600.0
21:28:40.184 [FXGL Background Thread 3 ] DEBUG Engine               - actualHeightProperty: ReadOnlyDoubleProperty [value: 600.0]
21:28:40.184 [FXGL Background Thread 3 ] DEBUG Engine               - actualWidth: 800.0
21:28:40.184 [FXGL Background Thread 3 ] DEBUG Engine               - actualWidthProperty: ReadOnlyDoubleProperty [value: 800.0]
21:28:40.184 [FXGL Background Thread 3 ] DEBUG Engine               - appIcon: icon.jpg
21:28:40.184 [FXGL Background Thread 3 ] DEBUG Engine               - applicationMode: DEVELOPER
21:28:40.185 [FXGL Background Thread 3 ] DEBUG Engine               - cSSList: [fxgl_dark.css]
21:28:40.185 [FXGL Background Thread 3 ] DEBUG Engine               - collisionDetectionStrategy: BRUTE_FORCE
21:28:40.185 [FXGL Background Thread 3 ] DEBUG Engine               - configClass: Optional.empty
21:28:40.185 [FXGL Background Thread 3 ] DEBUG Engine               - credits: []
21:28:40.188 [FXGL Background Thread 3 ] DEBUG Engine               - defaultCursor: CursorInfo(imageName=fxgl_default_cursor.png, hotspotX=7.0, hotspotY=6.0)
21:28:40.189 [FXGL Background Thread 3 ] DEBUG Engine               - devBBoxColorProperty: ObjectProperty [value: 0xff0000ff]
21:28:40.189 [FXGL Background Thread 3 ] DEBUG Engine               - devEnableDebugCameraProperty: BooleanProperty [value: false]
21:28:40.189 [FXGL Background Thread 3 ] DEBUG Engine               - devSensorColorProperty: ObjectProperty [value: 0xffff00ff]
21:28:40.189 [FXGL Background Thread 3 ] DEBUG Engine               - devShowBBoxProperty: BooleanProperty [value: false]
21:28:40.190 [FXGL Background Thread 3 ] DEBUG Engine               - devShowPositionProperty: BooleanProperty [value: false]
21:28:40.190 [FXGL Background Thread 3 ] DEBUG Engine               - enabledMenuItems: []
21:28:40.190 [FXGL Background Thread 3 ] DEBUG Engine               - engineServices: [class com.almasb.fxgl.app.services.FXGLAssetLoaderService, class com.almasb.fxgl.app.FXGLApplication$GameApplicationService, class com.almasb.fxgl.app.services.FXGLDialogService, class com.almasb.fxgl.app.services.IOTaskExecutorService, class com.almasb.fxgl.io.FileSystemService, class com.almasb.fxgl.localization.LocalizationService, class com.almasb.fxgl.app.services.SystemBundleService, class com.almasb.fxgl.profile.SaveLoadService, class com.almasb.fxgl.ui.FXGLUIFactoryServiceProvider, class com.almasb.fxgl.ui.FXGLDialogFactoryServiceProvider, class com.almasb.fxgl.audio.AudioPlayer, class com.almasb.fxgl.notification.impl.NotificationServiceProvider, class com.almasb.fxgl.achievement.AchievementService, class com.almasb.fxgl.cutscene.CutsceneService, class com.almasb.fxgl.minigames.MiniGameService, class com.almasb.fxgl.net.NetService, class com.almasb.fxgl.app.services.UpdaterService, class com.almasb.fxgl.dev.DevService]
21:28:40.190 [FXGL Background Thread 3 ] DEBUG Engine               - fontGame: Abel-Regular.ttf
21:28:40.190 [FXGL Background Thread 3 ] DEBUG Engine               - fontMono: TerminalLandMono-Regular.otf
21:28:40.190 [FXGL Background Thread 3 ] DEBUG Engine               - fontSizeScaleUI: 1.0
21:28:40.190 [FXGL Background Thread 3 ] DEBUG Engine               - fontText: Courier-Prime.ttf
21:28:40.191 [FXGL Background Thread 3 ] DEBUG Engine               - fontUI: VarelaRound-Regular.ttf
21:28:40.191 [FXGL Background Thread 3 ] DEBUG Engine               - fullScreen: BooleanProperty [value: false]
21:28:40.191 [FXGL Background Thread 3 ] DEBUG Engine               - gameDifficulty: MEDIUM
21:28:40.191 [FXGL Background Thread 3 ] DEBUG Engine               - gameDifficultyProperty: ObjectProperty [value: MEDIUM]
21:28:40.191 [FXGL Background Thread 3 ] DEBUG Engine               - globalMusicVolume: 0.5
21:28:40.191 [FXGL Background Thread 3 ] DEBUG Engine               - globalMusicVolumeProperty: DoubleProperty [value: 0.5]
21:28:40.191 [FXGL Background Thread 3 ] DEBUG Engine               - globalSoundVolume: 0.5
21:28:40.191 [FXGL Background Thread 3 ] DEBUG Engine               - globalSoundVolumeProperty: DoubleProperty [value: 0.5]
21:28:40.191 [FXGL Background Thread 3 ] DEBUG Engine               - height: 600
21:28:40.191 [FXGL Background Thread 3 ] DEBUG Engine               - is3D: false
21:28:40.191 [FXGL Background Thread 3 ] DEBUG Engine               - isAndroid: false
21:28:40.191 [FXGL Background Thread 3 ] DEBUG Engine               - isBrowser: false
21:28:40.191 [FXGL Background Thread 3 ] DEBUG Engine               - isClickFeedbackEnabled: false
21:28:40.191 [FXGL Background Thread 3 ] DEBUG Engine               - isCloseConfirmation: false
21:28:40.191 [FXGL Background Thread 3 ] DEBUG Engine               - isDesktop: true
21:28:40.191 [FXGL Background Thread 3 ] DEBUG Engine               - isDeveloperMenuEnabled: false
21:28:40.192 [FXGL Background Thread 3 ] DEBUG Engine               - isEmbedded: false
21:28:40.192 [FXGL Background Thread 3 ] DEBUG Engine               - isEntityPreloadEnabled: true
21:28:40.192 [FXGL Background Thread 3 ] DEBUG Engine               - isExperimentalTiledLargeMap: false
21:28:40.192 [FXGL Background Thread 3 ] DEBUG Engine               - isFileSystemWriteAllowed: true
21:28:40.192 [FXGL Background Thread 3 ] DEBUG Engine               - isFullScreenAllowed: false
21:28:40.192 [FXGL Background Thread 3 ] DEBUG Engine               - isFullScreenFromStart: false
21:28:40.192 [FXGL Background Thread 3 ] DEBUG Engine               - isGameMenuEnabled: true
21:28:40.192 [FXGL Background Thread 3 ] DEBUG Engine               - isIOS: false
21:28:40.192 [FXGL Background Thread 3 ] DEBUG Engine               - isIntroEnabled: false
21:28:40.192 [FXGL Background Thread 3 ] DEBUG Engine               - isLinux: false
21:28:40.192 [FXGL Background Thread 3 ] DEBUG Engine               - isMac: false
21:28:40.192 [FXGL Background Thread 3 ] DEBUG Engine               - isMainMenuEnabled: false
21:28:40.192 [FXGL Background Thread 3 ] DEBUG Engine               - isManualResizeEnabled: false
21:28:40.192 [FXGL Background Thread 3 ] DEBUG Engine               - isMobile: false
21:28:40.192 [FXGL Background Thread 3 ] DEBUG Engine               - isNative: false
21:28:40.193 [FXGL Background Thread 3 ] DEBUG Engine               - isPauseMusicWhenMinimized: true
21:28:40.193 [FXGL Background Thread 3 ] DEBUG Engine               - isPreserveResizeRatio: false
21:28:40.193 [FXGL Background Thread 3 ] DEBUG Engine               - isProfilingEnabled: false
21:28:40.193 [FXGL Background Thread 3 ] DEBUG Engine               - isScaleAffectedOnResize: true
21:28:40.193 [FXGL Background Thread 3 ] DEBUG Engine               - isSingleStep: false
21:28:40.193 [FXGL Background Thread 3 ] DEBUG Engine               - isUserProfileEnabled: false
21:28:40.193 [FXGL Background Thread 3 ] DEBUG Engine               - isWindows: true
21:28:40.194 [FXGL Background Thread 3 ] DEBUG Engine               - language: ObjectProperty [value: ENGLISH]
21:28:40.194 [FXGL Background Thread 3 ] DEBUG Engine               - menuKey: ESCAPE
21:28:40.194 [FXGL Background Thread 3 ] DEBUG Engine               - mouseSensitivity: 0.2
21:28:40.195 [FXGL Background Thread 3 ] DEBUG Engine               - notificationViewClass: class com.almasb.fxgl.notification.view.XboxNotificationView
21:28:40.195 [FXGL Background Thread 3 ] DEBUG Engine               - pixelsPerMeter: 50.0
21:28:40.195 [FXGL Background Thread 3 ] DEBUG Engine               - platform: WINDOWS
21:28:40.195 [FXGL Background Thread 3 ] DEBUG Engine               - prefHeightProperty: ReadOnlyDoubleProperty [value: 600.0]
21:28:40.195 [FXGL Background Thread 3 ] DEBUG Engine               - prefWidthProperty: ReadOnlyDoubleProperty [value: 800.0]
21:28:40.195 [FXGL Background Thread 3 ] DEBUG Engine               - profileDir: profiles/
21:28:40.195 [FXGL Background Thread 3 ] DEBUG Engine               - profileName: StringProperty [value: DEFAULT]
21:28:40.195 [FXGL Background Thread 3 ] DEBUG Engine               - randomSeed: -1
21:28:40.196 [FXGL Background Thread 3 ] DEBUG Engine               - runtimeInfo: RuntimeInfo(platform=WINDOWS, version=17.3, build=30.03.2023 11.49)
21:28:40.196 [FXGL Background Thread 3 ] DEBUG Engine               - saveFileExt: sav
21:28:40.196 [FXGL Background Thread 3 ] DEBUG Engine               - scaledHeightProp$fxgl: DoubleProperty [bound, value: 600.0]
21:28:40.196 [FXGL Background Thread 3 ] DEBUG Engine               - scaledWidthProp$fxgl: DoubleProperty [bound, value: 800.0]
21:28:40.196 [FXGL Background Thread 3 ] DEBUG Engine               - sceneFactory: com.almasb.fxgl.app.scene.SceneFactory@374f4eed
21:28:40.196 [FXGL Background Thread 3 ] DEBUG Engine               - secondsIn24h: 60
21:28:40.196 [FXGL Background Thread 3 ] DEBUG Engine               - soundMenuBack: menu/back.wav
21:28:40.196 [FXGL Background Thread 3 ] DEBUG Engine               - soundMenuPress: menu/press.wav
21:28:40.196 [FXGL Background Thread 3 ] DEBUG Engine               - soundMenuSelect: menu/select.wav
21:28:40.196 [FXGL Background Thread 3 ] DEBUG Engine               - soundNotification: core/notification.wav
21:28:40.196 [FXGL Background Thread 3 ] DEBUG Engine               - stageStyle: DECORATED
21:28:40.196 [FXGL Background Thread 3 ] DEBUG Engine               - supportedLanguages: [ENGLISH, FRENCH, GERMAN, HUNGARIAN, RUSSIAN]
21:28:40.197 [FXGL Background Thread 3 ] DEBUG Engine               - ticksPerSecond: -1
21:28:40.197 [FXGL Background Thread 3 ] DEBUG Engine               - title: GalGame
21:28:40.197 [FXGL Background Thread 3 ] DEBUG Engine               - urlGithub: https://github.com/AlmasB/FXGL
21:28:40.197 [FXGL Background Thread 3 ] DEBUG Engine               - urlLeaderboard: http://fxgl-top.herokuapp.com/
21:28:40.197 [FXGL Background Thread 3 ] DEBUG Engine               - urlPOM: https://raw.githubusercontent.com/AlmasB/FXGL/release/README.md
21:28:40.197 [FXGL Background Thread 3 ] DEBUG Engine               - userAppClass: class cn.wodemc.demo1.HelloApplication
21:28:40.197 [FXGL Background Thread 3 ] DEBUG Engine               - version: 0.1
21:28:40.197 [FXGL Background Thread 3 ] DEBUG Engine               - versionCheckDays: 7
21:28:40.197 [FXGL Background Thread 3 ] DEBUG Engine               - width: 800
21:28:40.197 [FXGL Background Thread 3 ] DEBUG Engine               - Logging services
21:28:40.197 [FXGL Background Thread 3 ] DEBUG Engine               - class com.almasb.fxgl.app.services.FXGLAssetLoaderService
21:28:40.197 [FXGL Background Thread 3 ] DEBUG Engine               - class com.almasb.fxgl.app.FXGLApplication$GameApplicationService
21:28:40.197 [FXGL Background Thread 3 ] DEBUG Engine               - class com.almasb.fxgl.app.services.FXGLDialogService
21:28:40.197 [FXGL Background Thread 3 ] DEBUG Engine               - class com.almasb.fxgl.app.services.IOTaskExecutorService
21:28:40.197 [FXGL Background Thread 3 ] DEBUG Engine               - class com.almasb.fxgl.io.FileSystemService
21:28:40.197 [FXGL Background Thread 3 ] DEBUG Engine               - class com.almasb.fxgl.localization.LocalizationService
21:28:40.197 [FXGL Background Thread 3 ] DEBUG Engine               - class com.almasb.fxgl.app.services.SystemBundleService
21:28:40.197 [FXGL Background Thread 3 ] DEBUG Engine               - class com.almasb.fxgl.profile.SaveLoadService
21:28:40.197 [FXGL Background Thread 3 ] DEBUG Engine               - class com.almasb.fxgl.ui.FXGLUIFactoryServiceProvider
21:28:40.197 [FXGL Background Thread 3 ] DEBUG Engine               - class com.almasb.fxgl.ui.FXGLDialogFactoryServiceProvider
21:28:40.198 [FXGL Background Thread 3 ] DEBUG Engine               - class com.almasb.fxgl.audio.AudioPlayer
21:28:40.198 [FXGL Background Thread 3 ] DEBUG Engine               - class com.almasb.fxgl.notification.impl.NotificationServiceProvider
21:28:40.198 [FXGL Background Thread 3 ] DEBUG Engine               - class com.almasb.fxgl.achievement.AchievementService
21:28:40.198 [FXGL Background Thread 3 ] DEBUG Engine               - class com.almasb.fxgl.cutscene.CutsceneService
21:28:40.198 [FXGL Background Thread 3 ] DEBUG Engine               - class com.almasb.fxgl.minigames.MiniGameService
21:28:40.198 [FXGL Background Thread 3 ] DEBUG Engine               - class com.almasb.fxgl.net.NetService
21:28:40.198 [FXGL Background Thread 3 ] DEBUG Engine               - class com.almasb.fxgl.app.services.UpdaterService
21:28:40.198 [FXGL Background Thread 3 ] DEBUG Engine               - class com.almasb.fxgl.dev.DevService
21:28:46.156 [JavaFX Application Thread] DEBUG PrimaryStageWindow   - Pop state: CutsceneScene
21:28:46.156 [JavaFX Application Thread] DEBUG Input                - Clearing active input actions
21:28:46.157 [JavaFX Application Thread] DEBUG GameApplicationServi - Removing overlay from CutsceneScene and adding to GameScene
21:28:46.158 [JavaFX Application Thread] DEBUG PrimaryStageWindow   - GameScene <- CutsceneScene
21:28:47.980 [JavaFX Application Thread] DEBUG LoopRunner           - Stopping loop
21:28:47.982 [JavaFX Application Thread] FATAL FXGLApplication      - Uncaught Exception:
java.lang.NullPointerException: Cannot invoke "java.util.List.isEmpty()" because "cn.wodemc.demo1.DialogManager.dialogues" is null
	at cn.wodemc.demo1/cn.wodemc.demo1.DialogManager.displayNextDialogue(HelloApplication.java:31)
	at cn.wodemc.demo1/cn.wodemc.demo1.HelloApplication.lambda$initInput$1(HelloApplication.java:65)
	at com.almasb.fxgl.all@17.3/com.almasb.fxgl.dsl.FXGL$Companion$onKey$1.onAction(FXGL.kt:500)
	at com.almasb.fxgl.core@17.3/com.almasb.fxgl.input.UserAction.action$fxgl_core(UserAction.kt:38)
	at com.almasb.fxgl.core@17.3/com.almasb.fxgl.input.Input.update(Input.kt:288)
	at com.almasb.fxgl.scene@17.3/com.almasb.fxgl.scene.Scene.update(Scene.kt:103)
	at com.almasb.fxgl.all@17.3/com.almasb.fxgl.app.MainWindow$update$1.invoke(MainWindow.kt:115)
	at com.almasb.fxgl.all@17.3/com.almasb.fxgl.app.MainWindow$update$1.invoke(MainWindow.kt:115)
	at com.almasb.fxgl.core@17.3/com.almasb.fxgl.core.fsm.StateMachine.runOnActiveStates(StateMachine.kt:69)
	at com.almasb.fxgl.all@17.3/com.almasb.fxgl.app.MainWindow.update(MainWindow.kt:115)
	at com.almasb.fxgl.all@17.3/com.almasb.fxgl.app.FXGLApplication$GameApplicationService.onUpdate(FXGLApplication.kt:426)
	at com.almasb.fxgl.all@17.3/com.almasb.fxgl.app.Engine.loop(Engine.kt:134)
	at com.almasb.fxgl.all@17.3/com.almasb.fxgl.app.Engine.access$loop(Engine.kt:24)
	at com.almasb.fxgl.all@17.3/com.almasb.fxgl.app.Engine$loop$1.invoke(Engine.kt:28)
	at com.almasb.fxgl.all@17.3/com.almasb.fxgl.app.Engine$loop$1.invoke(Engine.kt:28)
	at com.almasb.fxgl.all@17.3/com.almasb.fxgl.app.LoopRunner.frame(LoopRunner.kt:103)
	at com.almasb.fxgl.all@17.3/com.almasb.fxgl.app.LoopRunner.access$frame(LoopRunner.kt:23)
	at com.almasb.fxgl.all@17.3/com.almasb.fxgl.app.LoopRunner$impl$2$1.onTick(LoopRunner.kt:57)
	at com.almasb.fxgl.all@17.3/com.almasb.fxgl.app.AnimationTimerLoop$timer$1.handle(LoopRunner.kt:137)
	at javafx.graphics/javafx.animation.AnimationTimer$AnimationTimerReceiver.lambda$handle$0(AnimationTimer.java:58)
	at java.base/java.security.AccessController.doPrivileged(AccessController.java:399)
	at javafx.graphics/javafx.animation.AnimationTimer$AnimationTimerReceiver.handle(AnimationTimer.java:57)
	at javafx.graphics/com.sun.scenario.animation.AbstractPrimaryTimer.timePulseImpl(AbstractPrimaryTimer.java:356)
	at javafx.graphics/com.sun.scenario.animation.AbstractPrimaryTimer$MainLoop.run(AbstractPrimaryTimer.java:266)
	at javafx.graphics/com.sun.javafx.tk.quantum.QuantumToolkit.pulse(QuantumToolkit.java:571)
	at javafx.graphics/com.sun.javafx.tk.quantum.QuantumToolkit.pulse(QuantumToolkit.java:555)
	at javafx.graphics/com.sun.javafx.tk.quantum.QuantumToolkit.pulseFromQueue(QuantumToolkit.java:548)
	at javafx.graphics/com.sun.javafx.tk.quantum.QuantumToolkit.lambda$runToolkit$11(QuantumToolkit.java:353)
	at javafx.graphics/com.sun.glass.ui.InvokeLaterDispatcher$Future.run(InvokeLaterDispatcher.java:96)
	at javafx.graphics/com.sun.glass.ui.win.WinApplication._runLoop(Native Method)
	at javafx.graphics/com.sun.glass.ui.win.WinApplication.lambda$runLoop$3(WinApplication.java:184)
	at java.base/java.lang.Thread.run(Thread.java:840)

21:28:47.982 [JavaFX Application Thread] FATAL FXGLApplication      - Application will now exit
21:28:48.001 [JavaFX Application Thread] DEBUG PrimaryStageWindow   - Push state: ErrorSubScene
21:28:48.001 [JavaFX Application Thread] DEBUG Input                - Clearing active input actions
21:28:48.004 [JavaFX Application Thread] DEBUG GameApplicationServi - Removing overlay from GameScene and adding to ErrorSubScene
21:28:48.005 [JavaFX Application Thread] DEBUG PrimaryStageWindow   - GameScene -> ErrorSubScene
21:28:51.270 [JavaFX Application Thread] DEBUG FXGLApplication      - Exiting FXGL
21:28:51.271 [JavaFX Application Thread] DEBUG Async                - Shutting down background threads
21:28:51.271 [JavaFX Application Thread] DEBUG PrimaryStageWindow   - Closing main window
21:28:51.296 [JavaFX Application Thread] DEBUG Logger               - Closing Logger
