21:41:54.277 [main                     ] DEBUG Logger               - Configured Logger
21:41:54.309 [main                     ] DEBUG GameApplication      - Logging settings
Title: GalGame
Version: 0.1
Width: 800
Height: 600
Fullscreen: false
Intro: false
Profiling: false
Single step:false
App Mode: DEVELOPER
Menu Key: ESCAPE
Stage Style: DECORATED
Scene Factory: class com.almasb.fxgl.app.scene.SceneFactory

21:41:54.598 [JavaFX Application Thread] DEBUG FXGLApplication      - Initializing FXGL
21:41:54.602 [JavaFX Application Thread] INFO  Engine               - FXGL-17.3 (30.03.2023 11.49) on WINDOWS (J:17.0.9 FX:17.0.6)
21:41:54.602 [JavaFX Application Thread] DEBUG Engine               - JRE Vendor Name: Microsoft
21:41:54.603 [JavaFX Application Thread] DEBUG Engine               - Running on OS: Windows 11 version 10.0
21:41:54.603 [JavaFX Application Thread] DEBUG Engine               - Architecture: amd64
21:41:54.603 [JavaFX Application Thread] INFO  Engine               - Source code and latest versions at: https://github.com/AlmasB/FXGL
21:41:54.603 [JavaFX Application Thread] INFO  Engine               -       Ask questions and discuss at: https://github.com/AlmasB/FXGL/discussions
21:41:54.603 [JavaFX Application Thread] INFO  Engine               -              Join the FXGL chat at: https://gitter.im/AlmasB/FXGL
21:41:54.663 [JavaFX Application Thread] DEBUG PrimaryStageWindow   - Creating a JavaFX scene
21:41:54.698 [JavaFX Application Thread] DEBUG PrimaryStageWindow   - Target settings size: 800.0 x 600.0
21:41:54.698 [JavaFX Application Thread] DEBUG PrimaryStageWindow   - Scaled scene size:    800.0 x 600.0
21:41:54.698 [JavaFX Application Thread] DEBUG PrimaryStageWindow   - Scaled ratio: (1.0, 1.0)
21:41:54.699 [JavaFX Application Thread] DEBUG PrimaryStageWindow   - Set initial scene to FXGLStartupScene
21:41:54.703 [JavaFX Application Thread] DEBUG PrimaryStageWindow   - Opening main window
21:41:54.760 [JavaFX Application Thread] DEBUG PrimaryStageWindow   - Window border size: (14.66668701171875, 37.33331298828125)
21:41:54.760 [JavaFX Application Thread] DEBUG PrimaryStageWindow   - Scaled size: 800.0 x 600.0
21:41:54.760 [JavaFX Application Thread] DEBUG PrimaryStageWindow   - Scaled ratio: (1.0, 1.0)
21:41:54.760 [JavaFX Application Thread] DEBUG PrimaryStageWindow   - Scene size: 800.0 x 600.0
21:41:54.761 [JavaFX Application Thread] DEBUG PrimaryStageWindow   - Stage size: 814.6666870117188 x 637.3333129882812
21:41:54.766 [FXGL Background Thread 1 ] DEBUG Engine               - Initializing environment variables
21:41:54.789 [FXGL Background Thread 1 ] DEBUG FXGLAssetLoaderServi - User app class for loading assets: class cn.wodemc.demo1.HelloApplication
21:41:54.789 [FXGL Background Thread 1 ] DEBUG GameApplicationServi - Applying CSS: fxgl_dark.css
21:41:54.790 [FXGL Background Thread 1 ] DEBUG FXGLAssetLoaderServi - Loading from file system: jar:file:///C:/Users/17119/.m2/repository/com/github/almasb/fxgl/17.3/fxgl-17.3.jar!/fxglassets/ui/css/fxgl_dark.css
21:41:54.821 [FXGL Background Thread 1 ] DEBUG GameApplicationServi - Initializing application scenes
21:41:54.875 [FXGL Background Thread 1 ] DEBUG GameWorld            - Game world initialized
21:41:54.915 [FXGL Background Thread 1 ] DEBUG PhysicsWorld         - Physics world initialized: appHeight=600, physics.ppm=50.0
21:41:54.915 [FXGL Background Thread 1 ] DEBUG PhysicsWorld         - Using strategy: BRUTE_FORCE
21:41:54.918 [FXGL Background Thread 1 ] DEBUG GameScene            - Game scene initialized: 800x600
21:41:54.928 [FXGL Background Thread 1 ] DEBUG FXGL.DefaultMenu     - createMenuBodyGameMenu()
21:41:54.937 [FXGL Background Thread 1 ] DEBUG FXGL.DefaultMenu     - createOptionsMenu()
21:41:54.945 [FXGL Background Thread 1 ] DEBUG FXGLAssetLoaderServi - Loading from file system: jar:file:///C:/Users/17119/.m2/repository/com/github/almasb/fxgl/17.3/fxgl-17.3.jar!/fxglassets/textures/particles/smoke.png
21:41:55.015 [FXGL Background Thread 1 ] DEBUG FXGLAssetLoaderServi - Loading from file system: jar:file:///C:/Users/17119/.m2/repository/com/github/almasb/fxgl/17.3/fxgl-17.3.jar!/fxglassets/textures/particles/trace_horizontal.png
21:41:55.041 [FXGL Background Thread 1 ] DEBUG GameApplicationServi - Application scenes initialized
21:41:55.053 [FXGL Background Thread 1 ] DEBUG SystemBundleService  - Loading FXGL system data
21:41:55.056 [FXGL Background Thread 1 ] DEBUG FileSystemAccess     - Reading from: C:\Users\17119\IdeaProjects\demo1\system\fxgl.bundle
21:41:55.062 [FXGL Background Thread 1 ] DEBUG SystemBundleService  - Bundle FXGL: {}
21:41:55.062 [FXGL Background Thread 1 ] DEBUG UpdaterService       - Checking for updates
21:41:55.064 [FXGL Background Thread 4 ] DEBUG FXGLApplication      - Loading fonts
21:41:55.065 [FXGL Background Thread 1 ] DEBUG FXGLApplication      - Loading default localization
21:41:55.065 [FXGL Background Thread 4 ] DEBUG FXGLAssetLoaderServi - Loading from file system: jar:file:///C:/Users/17119/.m2/repository/com/github/almasb/fxgl/17.3/fxgl-17.3.jar!/fxglassets/ui/fonts/VarelaRound-Regular.ttf
21:41:55.066 [FXGL Background Thread 1 ] DEBUG FXGLAssetLoaderServi - Loading from file system: jar:file:///C:/Users/17119/.m2/repository/com/github/almasb/fxgl/17.3/fxgl-17.3.jar!/fxglassets/languages/english.lang
21:41:55.078 [FXGL Background Thread 1 ] INFO  FXGLApplication      - FXGL initialization took: 0.314 sec
21:41:55.080 [JavaFX Application Thread] DEBUG FXGLAssetLoaderServi - Loading from file system: file:/C:/Users/17119/IdeaProjects/demo1/target/classes/assets/textures/icon.jpg
21:41:55.091 [JavaFX Application Thread] DEBUG FXGLAssetLoaderServi - Loading from file system: jar:file:///C:/Users/17119/.m2/repository/com/github/almasb/fxgl/17.3/fxgl-17.3.jar!/fxglassets/textures/fxgl_default_cursor.png
21:41:55.099 [JavaFX Application Thread] DEBUG Input                - Registered new binding: Screenshot - CTRL+8
21:41:55.101 [JavaFX Application Thread] DEBUG Input                - Registered new binding: System info dump - CTRL+9
21:41:55.102 [JavaFX Application Thread] DEBUG Input                - Registered new binding: Restart - CTRL+R
21:41:55.103 [JavaFX Application Thread] DEBUG Input                - Registered new binding: Toggle Debug Camera - CTRL+7
21:41:55.107 [JavaFX Application Thread] DEBUG LoopRunner           - Starting loop
21:41:55.107 [JavaFX Application Thread] DEBUG LoopRunner           - Initializing JavaFX AnimationTimerLoop
21:41:55.109 [JavaFX Application Thread] DEBUG GameApplicationServi - Starting new game
21:41:55.109 [JavaFX Application Thread] DEBUG Input                - Clearing active input actions
21:41:55.110 [FXGL Background Thread 4 ] DEBUG FXGLAssetLoaderServi - Loading from file system: jar:file:///C:/Users/17119/.m2/repository/com/github/almasb/fxgl/17.3/fxgl-17.3.jar!/fxglassets/ui/fonts/Abel-Regular.ttf
21:41:55.113 [FXGL Background Thread 4 ] DEBUG FXGLAssetLoaderServi - Loading from file system: jar:file:///C:/Users/17119/.m2/repository/com/github/almasb/fxgl/17.3/fxgl-17.3.jar!/fxglassets/ui/fonts/TerminalLandMono-Regular.otf
21:41:55.117 [FXGL Background Thread 4 ] DEBUG FXGLAssetLoaderServi - Loading from file system: jar:file:///C:/Users/17119/.m2/repository/com/github/almasb/fxgl/17.3/fxgl-17.3.jar!/fxglassets/ui/fonts/Courier-Prime.ttf
21:41:55.121 [JavaFX Application Thread] DEBUG GameApplicationServi - Removing overlay from FXGLStartupScene and adding to FXGLLoadingScene
21:41:55.121 [JavaFX Application Thread] DEBUG PrimaryStageWindow   - FXGLStartupScene -> FXGLLoadingScene
21:41:55.121 [JavaFX Application Thread] DEBUG GameApplicationServi - Clearing previous game
21:41:55.121 [JavaFX Application Thread] DEBUG GameScene            - Clearing game scene
21:41:55.121 [JavaFX Application Thread] DEBUG GameWorld            - Clearing game world
21:41:55.121 [JavaFX Application Thread] DEBUG PhysicsWorld         - Clearing physics world
21:41:55.123 [FXGL Background Thread 4 ] DEBUG FXGLApplication      - Initializing game
21:41:55.138 [FXGL Background Thread 4 ] DEBUG FXGLAssetLoaderServi - Loading from file system: file:/C:/Users/17119/IdeaProjects/demo1/target/classes/assets/textures/bg.jpg
21:41:55.158 [JavaFX Application Thread] DEBUG FXGLApplication      - Registering font factories with UI factory
21:41:55.175 [FXGL Background Thread 4 ] INFO  FXGLApplication      - Game initialization took: 0.051 sec
21:41:55.213 [JavaFX Application Thread] DEBUG Input                - Clearing active input actions
21:41:55.218 [JavaFX Application Thread] DEBUG GameApplicationServi - Removing overlay from FXGLLoadingScene and adding to GameScene
21:41:55.218 [JavaFX Application Thread] DEBUG PrimaryStageWindow   - FXGLLoadingScene -> GameScene
21:41:55.220 [JavaFX Application Thread] DEBUG FXGLAssetLoaderServi - Loading from file system: file:/C:/Users/17119/IdeaProjects/demo1/target/classes/assets/text/lines.txt
21:41:55.229 [JavaFX Application Thread] DEBUG Input                - Registered new binding: Next RPG Line - Enter
21:41:55.229 [JavaFX Application Thread] DEBUG PrimaryStageWindow   - Push state: CutsceneScene
21:41:55.230 [JavaFX Application Thread] DEBUG Input                - Clearing active input actions
21:41:55.230 [JavaFX Application Thread] DEBUG GameApplicationServi - Removing overlay from GameScene and adding to CutsceneScene
21:41:55.231 [JavaFX Application Thread] DEBUG PrimaryStageWindow   - GameScene -> CutsceneScene
21:41:55.248 [FXGL Background Thread 2 ] WARN  UpdaterService       - Failed to find updates: java.net.UnknownHostException: raw.githubusercontent.com
21:41:56.993 [JavaFX Application Thread] DEBUG FXGLAssetLoaderServi - Loading from file system: file:/C:/Users/17119/IdeaProjects/demo1/target/classes/assets/textures/nanzhu.jpg
21:41:58.064 [FXGL Background Thread 3 ] DEBUG Engine               - Logging environment variables
21:41:58.064 [FXGL Background Thread 3 ] DEBUG Engine               - achievements: []
21:41:58.065 [FXGL Background Thread 3 ] DEBUG Engine               - actualHeight: 600.0
21:41:58.065 [FXGL Background Thread 3 ] DEBUG Engine               - actualHeightProperty: ReadOnlyDoubleProperty [value: 600.0]
21:41:58.065 [FXGL Background Thread 3 ] DEBUG Engine               - actualWidth: 800.0
21:41:58.066 [FXGL Background Thread 3 ] DEBUG Engine               - actualWidthProperty: ReadOnlyDoubleProperty [value: 800.0]
21:41:58.066 [FXGL Background Thread 3 ] DEBUG Engine               - appIcon: icon.jpg
21:41:58.066 [FXGL Background Thread 3 ] DEBUG Engine               - applicationMode: DEVELOPER
21:41:58.066 [FXGL Background Thread 3 ] DEBUG Engine               - cSSList: [fxgl_dark.css]
21:41:58.066 [FXGL Background Thread 3 ] DEBUG Engine               - collisionDetectionStrategy: BRUTE_FORCE
21:41:58.066 [FXGL Background Thread 3 ] DEBUG Engine               - configClass: Optional.empty
21:41:58.066 [FXGL Background Thread 3 ] DEBUG Engine               - credits: []
21:41:58.067 [FXGL Background Thread 3 ] DEBUG Engine               - defaultCursor: CursorInfo(imageName=fxgl_default_cursor.png, hotspotX=7.0, hotspotY=6.0)
21:41:58.068 [FXGL Background Thread 3 ] DEBUG Engine               - devBBoxColorProperty: ObjectProperty [value: 0xff0000ff]
21:41:58.068 [FXGL Background Thread 3 ] DEBUG Engine               - devEnableDebugCameraProperty: BooleanProperty [value: false]
21:41:58.068 [FXGL Background Thread 3 ] DEBUG Engine               - devSensorColorProperty: ObjectProperty [value: 0xffff00ff]
21:41:58.068 [FXGL Background Thread 3 ] DEBUG Engine               - devShowBBoxProperty: BooleanProperty [value: false]
21:41:58.068 [FXGL Background Thread 3 ] DEBUG Engine               - devShowPositionProperty: BooleanProperty [value: false]
21:41:58.068 [FXGL Background Thread 3 ] DEBUG Engine               - enabledMenuItems: []
21:41:58.068 [FXGL Background Thread 3 ] DEBUG Engine               - engineServices: [class com.almasb.fxgl.app.services.FXGLAssetLoaderService, class com.almasb.fxgl.app.FXGLApplication$GameApplicationService, class com.almasb.fxgl.app.services.FXGLDialogService, class com.almasb.fxgl.app.services.IOTaskExecutorService, class com.almasb.fxgl.io.FileSystemService, class com.almasb.fxgl.localization.LocalizationService, class com.almasb.fxgl.app.services.SystemBundleService, class com.almasb.fxgl.profile.SaveLoadService, class com.almasb.fxgl.ui.FXGLUIFactoryServiceProvider, class com.almasb.fxgl.ui.FXGLDialogFactoryServiceProvider, class com.almasb.fxgl.audio.AudioPlayer, class com.almasb.fxgl.notification.impl.NotificationServiceProvider, class com.almasb.fxgl.achievement.AchievementService, class com.almasb.fxgl.cutscene.CutsceneService, class com.almasb.fxgl.minigames.MiniGameService, class com.almasb.fxgl.net.NetService, class com.almasb.fxgl.app.services.UpdaterService, class com.almasb.fxgl.dev.DevService]
21:41:58.068 [FXGL Background Thread 3 ] DEBUG Engine               - fontGame: Abel-Regular.ttf
21:41:58.069 [FXGL Background Thread 3 ] DEBUG Engine               - fontMono: TerminalLandMono-Regular.otf
21:41:58.069 [FXGL Background Thread 3 ] DEBUG Engine               - fontSizeScaleUI: 1.0
21:41:58.069 [FXGL Background Thread 3 ] DEBUG Engine               - fontText: Courier-Prime.ttf
21:41:58.069 [FXGL Background Thread 3 ] DEBUG Engine               - fontUI: VarelaRound-Regular.ttf
21:41:58.069 [FXGL Background Thread 3 ] DEBUG Engine               - fullScreen: BooleanProperty [value: false]
21:41:58.069 [FXGL Background Thread 3 ] DEBUG Engine               - gameDifficulty: MEDIUM
21:41:58.069 [FXGL Background Thread 3 ] DEBUG Engine               - gameDifficultyProperty: ObjectProperty [value: MEDIUM]
21:41:58.069 [FXGL Background Thread 3 ] DEBUG Engine               - globalMusicVolume: 0.5
21:41:58.069 [FXGL Background Thread 3 ] DEBUG Engine               - globalMusicVolumeProperty: DoubleProperty [value: 0.5]
21:41:58.069 [FXGL Background Thread 3 ] DEBUG Engine               - globalSoundVolume: 0.5
21:41:58.069 [FXGL Background Thread 3 ] DEBUG Engine               - globalSoundVolumeProperty: DoubleProperty [value: 0.5]
21:41:58.069 [FXGL Background Thread 3 ] DEBUG Engine               - height: 600
21:41:58.069 [FXGL Background Thread 3 ] DEBUG Engine               - is3D: false
21:41:58.069 [FXGL Background Thread 3 ] DEBUG Engine               - isAndroid: false
21:41:58.070 [FXGL Background Thread 3 ] DEBUG Engine               - isBrowser: false
21:41:58.070 [FXGL Background Thread 3 ] DEBUG Engine               - isClickFeedbackEnabled: false
21:41:58.070 [FXGL Background Thread 3 ] DEBUG Engine               - isCloseConfirmation: false
21:41:58.070 [FXGL Background Thread 3 ] DEBUG Engine               - isDesktop: true
21:41:58.070 [FXGL Background Thread 3 ] DEBUG Engine               - isDeveloperMenuEnabled: false
21:41:58.070 [FXGL Background Thread 3 ] DEBUG Engine               - isEmbedded: false
21:41:58.070 [FXGL Background Thread 3 ] DEBUG Engine               - isEntityPreloadEnabled: true
21:41:58.070 [FXGL Background Thread 3 ] DEBUG Engine               - isExperimentalTiledLargeMap: false
21:41:58.070 [FXGL Background Thread 3 ] DEBUG Engine               - isFileSystemWriteAllowed: true
21:41:58.070 [FXGL Background Thread 3 ] DEBUG Engine               - isFullScreenAllowed: false
21:41:58.070 [FXGL Background Thread 3 ] DEBUG Engine               - isFullScreenFromStart: false
21:41:58.070 [FXGL Background Thread 3 ] DEBUG Engine               - isGameMenuEnabled: true
21:41:58.070 [FXGL Background Thread 3 ] DEBUG Engine               - isIOS: false
21:41:58.070 [FXGL Background Thread 3 ] DEBUG Engine               - isIntroEnabled: false
21:41:58.070 [FXGL Background Thread 3 ] DEBUG Engine               - isLinux: false
21:41:58.070 [FXGL Background Thread 3 ] DEBUG Engine               - isMac: false
21:41:58.070 [FXGL Background Thread 3 ] DEBUG Engine               - isMainMenuEnabled: false
21:41:58.071 [FXGL Background Thread 3 ] DEBUG Engine               - isManualResizeEnabled: false
21:41:58.071 [FXGL Background Thread 3 ] DEBUG Engine               - isMobile: false
21:41:58.071 [FXGL Background Thread 3 ] DEBUG Engine               - isNative: false
21:41:58.071 [FXGL Background Thread 3 ] DEBUG Engine               - isPauseMusicWhenMinimized: true
21:41:58.071 [FXGL Background Thread 3 ] DEBUG Engine               - isPreserveResizeRatio: false
21:41:58.071 [FXGL Background Thread 3 ] DEBUG Engine               - isProfilingEnabled: false
21:41:58.071 [FXGL Background Thread 3 ] DEBUG Engine               - isScaleAffectedOnResize: true
21:41:58.071 [FXGL Background Thread 3 ] DEBUG Engine               - isSingleStep: false
21:41:58.071 [FXGL Background Thread 3 ] DEBUG Engine               - isUserProfileEnabled: false
21:41:58.071 [FXGL Background Thread 3 ] DEBUG Engine               - isWindows: true
21:41:58.071 [FXGL Background Thread 3 ] DEBUG Engine               - language: ObjectProperty [value: ENGLISH]
21:41:58.071 [FXGL Background Thread 3 ] DEBUG Engine               - menuKey: ESCAPE
21:41:58.071 [FXGL Background Thread 3 ] DEBUG Engine               - mouseSensitivity: 0.2
21:41:58.071 [FXGL Background Thread 3 ] DEBUG Engine               - notificationViewClass: class com.almasb.fxgl.notification.view.XboxNotificationView
21:41:58.071 [FXGL Background Thread 3 ] DEBUG Engine               - pixelsPerMeter: 50.0
21:41:58.071 [FXGL Background Thread 3 ] DEBUG Engine               - platform: WINDOWS
21:41:58.071 [FXGL Background Thread 3 ] DEBUG Engine               - prefHeightProperty: ReadOnlyDoubleProperty [value: 600.0]
21:41:58.071 [FXGL Background Thread 3 ] DEBUG Engine               - prefWidthProperty: ReadOnlyDoubleProperty [value: 800.0]
21:41:58.072 [FXGL Background Thread 3 ] DEBUG Engine               - profileDir: profiles/
21:41:58.072 [FXGL Background Thread 3 ] DEBUG Engine               - profileName: StringProperty [value: DEFAULT]
21:41:58.072 [FXGL Background Thread 3 ] DEBUG Engine               - randomSeed: -1
21:41:58.073 [FXGL Background Thread 3 ] DEBUG Engine               - runtimeInfo: RuntimeInfo(platform=WINDOWS, version=17.3, build=30.03.2023 11.49)
21:41:58.073 [FXGL Background Thread 3 ] DEBUG Engine               - saveFileExt: sav
21:41:58.073 [FXGL Background Thread 3 ] DEBUG Engine               - scaledHeightProp$fxgl: DoubleProperty [bound, value: 600.0]
21:41:58.073 [FXGL Background Thread 3 ] DEBUG Engine               - scaledWidthProp$fxgl: DoubleProperty [bound, value: 800.0]
21:41:58.073 [FXGL Background Thread 3 ] DEBUG Engine               - sceneFactory: com.almasb.fxgl.app.scene.SceneFactory@ba33333
21:41:58.073 [FXGL Background Thread 3 ] DEBUG Engine               - secondsIn24h: 60
21:41:58.073 [FXGL Background Thread 3 ] DEBUG Engine               - soundMenuBack: menu/back.wav
21:41:58.073 [FXGL Background Thread 3 ] DEBUG Engine               - soundMenuPress: menu/press.wav
21:41:58.073 [FXGL Background Thread 3 ] DEBUG Engine               - soundMenuSelect: menu/select.wav
21:41:58.073 [FXGL Background Thread 3 ] DEBUG Engine               - soundNotification: core/notification.wav
21:41:58.073 [FXGL Background Thread 3 ] DEBUG Engine               - stageStyle: DECORATED
21:41:58.073 [FXGL Background Thread 3 ] DEBUG Engine               - supportedLanguages: [ENGLISH, FRENCH, GERMAN, HUNGARIAN, RUSSIAN]
21:41:58.075 [FXGL Background Thread 3 ] DEBUG Engine               - ticksPerSecond: -1
21:41:58.076 [FXGL Background Thread 3 ] DEBUG Engine               - title: GalGame
21:41:58.076 [FXGL Background Thread 3 ] DEBUG Engine               - urlGithub: https://github.com/AlmasB/FXGL
21:41:58.076 [FXGL Background Thread 3 ] DEBUG Engine               - urlLeaderboard: http://fxgl-top.herokuapp.com/
21:41:58.076 [FXGL Background Thread 3 ] DEBUG Engine               - urlPOM: https://raw.githubusercontent.com/AlmasB/FXGL/release/README.md
21:41:58.076 [FXGL Background Thread 3 ] DEBUG Engine               - userAppClass: class cn.wodemc.demo1.HelloApplication
21:41:58.076 [FXGL Background Thread 3 ] DEBUG Engine               - version: 0.1
21:41:58.076 [FXGL Background Thread 3 ] DEBUG Engine               - versionCheckDays: 7
21:41:58.076 [FXGL Background Thread 3 ] DEBUG Engine               - width: 800
21:41:58.076 [FXGL Background Thread 3 ] DEBUG Engine               - Logging services
21:41:58.076 [FXGL Background Thread 3 ] DEBUG Engine               - class com.almasb.fxgl.app.services.FXGLAssetLoaderService
21:41:58.076 [FXGL Background Thread 3 ] DEBUG Engine               - class com.almasb.fxgl.app.FXGLApplication$GameApplicationService
21:41:58.076 [FXGL Background Thread 3 ] DEBUG Engine               - class com.almasb.fxgl.app.services.FXGLDialogService
21:41:58.076 [FXGL Background Thread 3 ] DEBUG Engine               - class com.almasb.fxgl.app.services.IOTaskExecutorService
21:41:58.076 [FXGL Background Thread 3 ] DEBUG Engine               - class com.almasb.fxgl.io.FileSystemService
21:41:58.076 [FXGL Background Thread 3 ] DEBUG Engine               - class com.almasb.fxgl.localization.LocalizationService
21:41:58.076 [FXGL Background Thread 3 ] DEBUG Engine               - class com.almasb.fxgl.app.services.SystemBundleService
21:41:58.076 [FXGL Background Thread 3 ] DEBUG Engine               - class com.almasb.fxgl.profile.SaveLoadService
21:41:58.076 [FXGL Background Thread 3 ] DEBUG Engine               - class com.almasb.fxgl.ui.FXGLUIFactoryServiceProvider
21:41:58.076 [FXGL Background Thread 3 ] DEBUG Engine               - class com.almasb.fxgl.ui.FXGLDialogFactoryServiceProvider
21:41:58.076 [FXGL Background Thread 3 ] DEBUG Engine               - class com.almasb.fxgl.audio.AudioPlayer
21:41:58.077 [FXGL Background Thread 3 ] DEBUG Engine               - class com.almasb.fxgl.notification.impl.NotificationServiceProvider
21:41:58.077 [FXGL Background Thread 3 ] DEBUG Engine               - class com.almasb.fxgl.achievement.AchievementService
21:41:58.077 [FXGL Background Thread 3 ] DEBUG Engine               - class com.almasb.fxgl.cutscene.CutsceneService
21:41:58.077 [FXGL Background Thread 3 ] DEBUG Engine               - class com.almasb.fxgl.minigames.MiniGameService
21:41:58.077 [FXGL Background Thread 3 ] DEBUG Engine               - class com.almasb.fxgl.net.NetService
21:41:58.077 [FXGL Background Thread 3 ] DEBUG Engine               - class com.almasb.fxgl.app.services.UpdaterService
21:41:58.077 [FXGL Background Thread 3 ] DEBUG Engine               - class com.almasb.fxgl.dev.DevService
21:42:40.264 [JavaFX Application Thread] DEBUG FXGLApplication      - Exiting FXGL
21:42:40.264 [JavaFX Application Thread] DEBUG LoopRunner           - Stopping loop
21:42:40.264 [JavaFX Application Thread] DEBUG SystemBundleService  - Saving FXGL system data
21:42:40.264 [JavaFX Application Thread] DEBUG FileSystemAccess     - Writing to: C:\Users\17119\IdeaProjects\demo1\system\fxgl.bundle
21:42:40.264 [JavaFX Application Thread] DEBUG Async                - Shutting down background threads
21:42:40.264 [JavaFX Application Thread] DEBUG PrimaryStageWindow   - Closing main window
21:42:40.311 [JavaFX Application Thread] DEBUG Logger               - Closing Logger
